Performing C++ SOURCE FILE Test COMPILER_SUPPORTS_CXX11 failed with the following output:
Change Dir: /home/ros/dev/rosbook/chapter7_tutorials/build/CMakeFiles/CMakeTmp

Run Build Command:/usr/bin/make "cmTryCompileExec/fast"
make[1]: Entering directory `/home/ros/dev/rosbook/chapter7_tutorials/build/CMakeFiles/CMakeTmp'
/usr/bin/make -f CMakeFiles/cmTryCompileExec.dir/build.make CMakeFiles/cmTryCompileExec.dir/build
make[2]: Entering directory `/home/ros/dev/rosbook/chapter7_tutorials/build/CMakeFiles/CMakeTmp'
/usr/bin/cmake -E cmake_progress_report /home/ros/dev/rosbook/chapter7_tutorials/build/CMakeFiles/CMakeTmp/CMakeFiles 1
Building CXX object CMakeFiles/cmTryCompileExec.dir/src.cxx.o
/usr/bin/c++    -std=c++0x   -DCOMPILER_SUPPORTS_CXX11   -std=C++11 -o CMakeFiles/cmTryCompileExec.dir/src.cxx.o -c /home/ros/dev/rosbook/chapter7_tutorials/build/CMakeFiles/CMakeTmp/src.cxx
cc1plus: error: unrecognized command line option ‘-std=C++11’
make[2]: Leaving directory `/home/ros/dev/rosbook/chapter7_tutorials/build/CMakeFiles/CMakeTmp'
make[2]: *** [CMakeFiles/cmTryCompileExec.dir/src.cxx.o] Error 1
make[1]: Leaving directory `/home/ros/dev/rosbook/chapter7_tutorials/build/CMakeFiles/CMakeTmp'
make[1]: *** [cmTryCompileExec/fast] Error 2

Source file was:
int main() { return 0;}
Performing C++ SOURCE FILE Test COMPILER_SUPPORTS_CXX0X failed with the following output:
Change Dir: /home/ros/dev/rosbook/chapter7_tutorials/build/CMakeFiles/CMakeTmp

Run Build Command:/usr/bin/make "cmTryCompileExec/fast"
make[1]: Entering directory `/home/ros/dev/rosbook/chapter7_tutorials/build/CMakeFiles/CMakeTmp'
/usr/bin/make -f CMakeFiles/cmTryCompileExec.dir/build.make CMakeFiles/cmTryCompileExec.dir/build
make[2]: Entering directory `/home/ros/dev/rosbook/chapter7_tutorials/build/CMakeFiles/CMakeTmp'
/usr/bin/cmake -E cmake_progress_report /home/ros/dev/rosbook/chapter7_tutorials/build/CMakeFiles/CMakeTmp/CMakeFiles 1
Building CXX object CMakeFiles/cmTryCompileExec.dir/src.cxx.o
/usr/bin/c++    -std=c++0x   -DCOMPILER_SUPPORTS_CXX0X   -std=C++11 -o CMakeFiles/cmTryCompileExec.dir/src.cxx.o -c /home/ros/dev/rosbook/chapter7_tutorials/build/CMakeFiles/CMakeTmp/src.cxx
cc1plus: error: unrecognized command line option ‘-std=C++11’
make[2]: Leaving directory `/home/ros/dev/rosbook/chapter7_tutorials/build/CMakeFiles/CMakeTmp'
make[2]: *** [CMakeFiles/cmTryCompileExec.dir/src.cxx.o] Error 1
make[1]: Leaving directory `/home/ros/dev/rosbook/chapter7_tutorials/build/CMakeFiles/CMakeTmp'
make[1]: *** [cmTryCompileExec/fast] Error 2

Source file was:
int main() { return 0;}
